[2025-03-05 08:31:37,077: INFO: common: yaml file: config/config.yaml loaded successfully]
[2025-03-05 08:31:37,079: INFO: common: yaml file: params.yaml loaded successfully]
[2025-03-05 08:41:16,627: INFO: common: yaml file: config/config.yaml loaded successfully]
[2025-03-05 08:41:16,631: INFO: common: yaml file: params.yaml loaded successfully]
[2025-03-05 08:41:16,632: INFO: common: yaml file: schema.yaml loaded successfully]
[2025-03-05 08:42:39,621: INFO: common: yaml file: config/config.yaml loaded successfully]
[2025-03-05 08:42:39,624: INFO: common: yaml file: params.yaml loaded successfully]
[2025-03-05 08:42:39,627: INFO: common: yaml file: schema.yaml loaded successfully]
[2025-03-05 08:42:39,629: INFO: common: created directory at: artifacts]
[2025-03-05 08:42:39,630: INFO: common: created directory at: artifacts/data_ingestion]
[2025-03-05 08:42:40,134: INFO: 251335794: artifacts/data_ingestion/data.zip download! with following info: 
Connection: close
Content-Length: 23329
Cache-Control: max-age=300
Content-Security-Policy: default-src 'none'; style-src 'unsafe-inline'; sandbox
Content-Type: application/zip
ETag: "c69888a4ae59bc5a893392785a938ccd4937981c06ba8a9d6a21aa52b4ab5b6e"
Strict-Transport-Security: max-age=31536000
X-Content-Type-Options: nosniff
X-Frame-Options: deny
X-XSS-Protection: 1; mode=block
X-GitHub-Request-Id: 680B:20519D:746C6F:943055:67C862DD
Accept-Ranges: bytes
Date: Wed, 05 Mar 2025 14:42:40 GMT
Via: 1.1 varnish
X-Served-By: cache-dfw-kdal2120132-DFW
X-Cache: MISS
X-Cache-Hits: 0
X-Timer: S1741185760.989515,VS0,VE133
Vary: Authorization,Accept-Encoding,Origin
Access-Control-Allow-Origin: *
Cross-Origin-Resource-Policy: cross-origin
X-Fastly-Request-ID: 4b6b2ed8d53d72ea8f9e4cb18c296d024e984bd5
Expires: Wed, 05 Mar 2025 14:47:40 GMT
Source-Age: 0

]
[2025-03-05 10:18:47,607: INFO: main: >>>>>> stage Data Ingestion stage started <<<<<<]
[2025-03-05 10:18:47,609: INFO: common: yaml file: config/config.yaml loaded successfully]
[2025-03-05 10:18:47,609: INFO: common: yaml file: params.yaml loaded successfully]
[2025-03-05 10:18:47,610: INFO: common: yaml file: schema.yaml loaded successfully]
[2025-03-05 10:18:47,610: INFO: common: created directory at: artifacts]
[2025-03-05 10:18:47,610: INFO: common: created directory at: artifacts/data_ingestion]
[2025-03-05 10:18:47,610: INFO: data_ingestion: File already exists]
[2025-03-05 10:18:47,611: INFO: main: >>>>>> stage Data Ingestion stage completed <<<<<<

x==========x]
[2025-03-05 10:18:47,611: INFO: main: >>>>>> stage Data Validation stage started <<<<<<]
[2025-03-05 10:18:47,612: INFO: common: yaml file: config/config.yaml loaded successfully]
[2025-03-05 10:18:47,613: INFO: common: yaml file: params.yaml loaded successfully]
[2025-03-05 10:18:47,613: INFO: common: yaml file: schema.yaml loaded successfully]
[2025-03-05 10:18:47,614: INFO: common: created directory at: artifacts]
[2025-03-05 10:18:47,614: INFO: common: created directory at: artifacts/data_validation]
[2025-03-05 10:18:47,617: INFO: main: >>>>>> stage Data Validation stage completed <<<<<<

x==========x]
[2025-03-05 10:18:47,617: INFO: main: >>>>>> stage Data Transformation stage started <<<<<<]
[2025-03-05 10:18:47,618: INFO: common: yaml file: config/config.yaml loaded successfully]
[2025-03-05 10:18:47,618: INFO: common: yaml file: params.yaml loaded successfully]
[2025-03-05 10:18:47,619: INFO: common: yaml file: schema.yaml loaded successfully]
[2025-03-05 10:18:47,619: INFO: common: created directory at: artifacts]
[2025-03-05 10:18:47,619: INFO: common: created directory at: artifacts/data_transformation]
[2025-03-05 10:18:47,628: INFO: data_transformation: Splited data into training and test sets]
[2025-03-05 10:18:47,628: INFO: data_transformation: (1199, 12)]
[2025-03-05 10:18:47,628: INFO: data_transformation: (400, 12)]
[2025-03-05 10:18:47,628: INFO: main: >>>>>> stage Data Transformation stage completed <<<<<<

x==========x]
[2025-03-05 10:18:47,628: INFO: main: >>>>>> stage Model Trainer stage started <<<<<<]
[2025-03-05 10:18:47,629: INFO: common: yaml file: config/config.yaml loaded successfully]
[2025-03-05 10:18:47,630: INFO: common: yaml file: params.yaml loaded successfully]
[2025-03-05 10:18:47,630: INFO: common: yaml file: schema.yaml loaded successfully]
[2025-03-05 10:18:47,631: INFO: common: created directory at: artifacts]
[2025-03-05 10:18:47,631: INFO: common: created directory at: artifacts/model_trainer]
[2025-03-05 10:18:47,637: INFO: main: >>>>>> stage Model Trainer stage completed <<<<<<

x==========x]
[2025-03-05 10:18:47,638: INFO: main: >>>>>> stage Model evaluation stage started <<<<<<]
[2025-03-05 10:18:47,639: INFO: common: yaml file: config/config.yaml loaded successfully]
[2025-03-05 10:18:47,639: INFO: common: yaml file: params.yaml loaded successfully]
[2025-03-05 10:18:47,640: INFO: common: yaml file: schema.yaml loaded successfully]
[2025-03-05 10:18:47,640: INFO: common: created directory at: artifacts]
[2025-03-05 10:18:47,640: INFO: common: created directory at: artifacts/model_evaluation]
[2025-03-05 10:18:47,942: INFO: common: json file saved at: artifacts/model_evaluation/metrics.json]
[2025-03-05 10:18:49,948: INFO: main: >>>>>> stage Model evaluation stage completed <<<<<<

x==========x]
[2025-03-05 12:32:50,010: INFO: common: yaml file: config/config.yaml loaded successfully]
[2025-03-05 12:32:50,014: INFO: common: yaml file: params.yaml loaded successfully]
[2025-03-05 12:32:50,016: INFO: common: yaml file: schema.yaml loaded successfully]
[2025-03-05 12:32:50,017: INFO: common: created directory at: artifacts]
[2025-03-05 12:32:50,018: INFO: common: created directory at: artifacts/model_evaluation]
[2025-03-05 12:32:50,502: INFO: common: json file saved at: artifacts/model_evaluation/metrics.json]
[2025-03-05 12:45:31,253: INFO: main: >>>>>> stage Data Ingestion stage started <<<<<<]
[2025-03-05 12:45:31,255: INFO: common: yaml file: config/config.yaml loaded successfully]
[2025-03-05 12:45:31,256: INFO: common: yaml file: params.yaml loaded successfully]
[2025-03-05 12:45:31,257: INFO: common: yaml file: schema.yaml loaded successfully]
[2025-03-05 12:45:31,257: INFO: common: created directory at: artifacts]
[2025-03-05 12:45:31,257: INFO: common: created directory at: artifacts/data_ingestion]
[2025-03-05 12:45:31,257: INFO: data_ingestion: File already exists]
[2025-03-05 12:45:31,259: INFO: main: >>>>>> stage Data Ingestion stage completed <<<<<<

x==========x]
[2025-03-05 12:45:31,259: INFO: main: >>>>>> stage Data Validation stage started <<<<<<]
[2025-03-05 12:45:31,260: INFO: common: yaml file: config/config.yaml loaded successfully]
[2025-03-05 12:45:31,260: INFO: common: yaml file: params.yaml loaded successfully]
[2025-03-05 12:45:31,261: INFO: common: yaml file: schema.yaml loaded successfully]
[2025-03-05 12:45:31,261: INFO: common: created directory at: artifacts]
[2025-03-05 12:45:31,262: INFO: common: created directory at: artifacts/data_validation]
[2025-03-05 12:45:31,265: INFO: main: >>>>>> stage Data Validation stage completed <<<<<<

x==========x]
[2025-03-05 12:45:31,265: INFO: main: >>>>>> stage Data Transformation stage started <<<<<<]
[2025-03-05 12:45:31,266: INFO: common: yaml file: config/config.yaml loaded successfully]
[2025-03-05 12:45:31,267: INFO: common: yaml file: params.yaml loaded successfully]
[2025-03-05 12:45:31,267: INFO: common: yaml file: schema.yaml loaded successfully]
[2025-03-05 12:45:31,267: INFO: common: created directory at: artifacts]
[2025-03-05 12:45:31,267: INFO: common: created directory at: artifacts/data_transformation]
[2025-03-05 12:45:31,280: INFO: data_transformation: Splited data into training and test sets]
[2025-03-05 12:45:31,280: INFO: data_transformation: (1199, 12)]
[2025-03-05 12:45:31,280: INFO: data_transformation: (400, 12)]
[2025-03-05 12:45:31,280: INFO: main: >>>>>> stage Data Transformation stage completed <<<<<<

x==========x]
[2025-03-05 12:45:31,280: INFO: main: >>>>>> stage Model Trainer stage started <<<<<<]
[2025-03-05 12:45:31,281: INFO: common: yaml file: config/config.yaml loaded successfully]
[2025-03-05 12:45:31,282: INFO: common: yaml file: params.yaml loaded successfully]
[2025-03-05 12:45:31,282: INFO: common: yaml file: schema.yaml loaded successfully]
[2025-03-05 12:45:31,283: INFO: common: created directory at: artifacts]
[2025-03-05 12:45:31,283: INFO: common: created directory at: artifacts/model_trainer]
[2025-03-05 12:45:31,289: INFO: main: >>>>>> stage Model Trainer stage completed <<<<<<

x==========x]
[2025-03-05 12:45:31,289: INFO: main: >>>>>> stage Model evaluation stage started <<<<<<]
[2025-03-05 12:45:31,290: INFO: common: yaml file: config/config.yaml loaded successfully]
[2025-03-05 12:45:31,291: INFO: common: yaml file: params.yaml loaded successfully]
[2025-03-05 12:45:31,292: INFO: common: yaml file: schema.yaml loaded successfully]
[2025-03-05 12:45:31,292: INFO: common: created directory at: artifacts]
[2025-03-05 12:45:31,292: INFO: common: created directory at: artifacts/model_evaluation]
[2025-03-05 12:45:32,506: INFO: common: json file saved at: artifacts/model_evaluation/metrics.json]
[2025-03-05 12:45:39,001: INFO: main: >>>>>> stage Model evaluation stage completed <<<<<<

x==========x]
[2025-03-05 13:15:44,638: INFO: _internal: [31m[1mWARNING: This is a development server. Do not use it in a production deployment. Use a production WSGI server instead.[0m
 * Running on all addresses (0.0.0.0)
 * Running on http://127.0.0.1:8080
 * Running on http://192.168.1.72:8080]
[2025-03-05 13:15:44,638: INFO: _internal: [33mPress CTRL+C to quit[0m]
[2025-03-05 13:16:04,396: INFO: _internal: 127.0.0.1 - - [05/Mar/2025 13:16:04] "GET / HTTP/1.1" 200 -]
[2025-03-05 13:16:04,461: INFO: _internal: 127.0.0.1 - - [05/Mar/2025 13:16:04] "[33mGET /static/assets/img/form-v9.jpg HTTP/1.1[0m" 404 -]
[2025-03-05 13:16:04,487: INFO: _internal: 127.0.0.1 - - [05/Mar/2025 13:16:04] "[33mGET /favicon.ico HTTP/1.1[0m" 404 -]
[2025-03-05 13:16:57,764: INFO: main: >>>>>> stage Data Ingestion stage started <<<<<<]
[2025-03-05 13:16:57,766: INFO: common: yaml file: config/config.yaml loaded successfully]
[2025-03-05 13:16:57,767: INFO: common: yaml file: params.yaml loaded successfully]
[2025-03-05 13:16:57,768: INFO: common: yaml file: schema.yaml loaded successfully]
[2025-03-05 13:16:57,768: INFO: common: created directory at: artifacts]
[2025-03-05 13:16:57,768: INFO: common: created directory at: artifacts/data_ingestion]
[2025-03-05 13:16:57,768: INFO: data_ingestion: File already exists]
[2025-03-05 13:16:57,769: INFO: main: >>>>>> stage Data Ingestion stage completed <<<<<<

x==========x]
[2025-03-05 13:16:57,769: INFO: main: >>>>>> stage Data Validation stage started <<<<<<]
[2025-03-05 13:16:57,771: INFO: common: yaml file: config/config.yaml loaded successfully]
[2025-03-05 13:16:57,771: INFO: common: yaml file: params.yaml loaded successfully]
[2025-03-05 13:16:57,772: INFO: common: yaml file: schema.yaml loaded successfully]
[2025-03-05 13:16:57,772: INFO: common: created directory at: artifacts]
[2025-03-05 13:16:57,772: INFO: common: created directory at: artifacts/data_validation]
[2025-03-05 13:16:57,775: INFO: main: >>>>>> stage Data Validation stage completed <<<<<<

x==========x]
[2025-03-05 13:16:57,775: INFO: main: >>>>>> stage Data Transformation stage started <<<<<<]
[2025-03-05 13:16:57,776: INFO: common: yaml file: config/config.yaml loaded successfully]
[2025-03-05 13:16:57,776: INFO: common: yaml file: params.yaml loaded successfully]
[2025-03-05 13:16:57,777: INFO: common: yaml file: schema.yaml loaded successfully]
[2025-03-05 13:16:57,777: INFO: common: created directory at: artifacts]
[2025-03-05 13:16:57,777: INFO: common: created directory at: artifacts/data_transformation]
[2025-03-05 13:16:57,786: INFO: data_transformation: Splited data into training and test sets]
[2025-03-05 13:16:57,786: INFO: data_transformation: (1199, 12)]
[2025-03-05 13:16:57,786: INFO: data_transformation: (400, 12)]
[2025-03-05 13:16:57,786: INFO: main: >>>>>> stage Data Transformation stage completed <<<<<<

x==========x]
[2025-03-05 13:16:57,786: INFO: main: >>>>>> stage Model Trainer stage started <<<<<<]
[2025-03-05 13:16:57,787: INFO: common: yaml file: config/config.yaml loaded successfully]
[2025-03-05 13:16:57,788: INFO: common: yaml file: params.yaml loaded successfully]
[2025-03-05 13:16:57,788: INFO: common: yaml file: schema.yaml loaded successfully]
[2025-03-05 13:16:57,789: INFO: common: created directory at: artifacts]
[2025-03-05 13:16:57,789: INFO: common: created directory at: artifacts/model_trainer]
[2025-03-05 13:16:57,794: INFO: main: >>>>>> stage Model Trainer stage completed <<<<<<

x==========x]
[2025-03-05 13:16:57,794: INFO: main: >>>>>> stage Model evaluation stage started <<<<<<]
[2025-03-05 13:16:57,795: INFO: common: yaml file: config/config.yaml loaded successfully]
[2025-03-05 13:16:57,796: INFO: common: yaml file: params.yaml loaded successfully]
[2025-03-05 13:16:57,796: INFO: common: yaml file: schema.yaml loaded successfully]
[2025-03-05 13:16:57,797: INFO: common: created directory at: artifacts]
[2025-03-05 13:16:57,797: INFO: common: created directory at: artifacts/model_evaluation]
[2025-03-05 13:16:58,099: INFO: common: json file saved at: artifacts/model_evaluation/metrics.json]
[2025-03-05 13:16:59,890: INFO: main: >>>>>> stage Model evaluation stage completed <<<<<<

x==========x]
[2025-03-05 13:17:00,144: INFO: _internal: 127.0.0.1 - - [05/Mar/2025 13:17:00] "GET /train HTTP/1.1" 200 -]
[2025-03-05 13:18:05,678: INFO: _internal: 127.0.0.1 - - [05/Mar/2025 13:18:05] "GET / HTTP/1.1" 200 -]
[2025-03-05 13:18:05,700: INFO: _internal: 127.0.0.1 - - [05/Mar/2025 13:18:05] "[33mGET /static/assets/img/form-v9.jpg HTTP/1.1[0m" 404 -]
[2025-03-05 13:19:03,425: INFO: _internal: 127.0.0.1 - - [05/Mar/2025 13:19:03] "POST /predict HTTP/1.1" 200 -]
